<?xml version="1.0" encoding="UTF-8"?>
<!-- Generated by org.testng.reporters.JUnitXMLReporter -->
<testsuite ignored="0" hostname="LAPTOP-V2EFQHVH" failures="0" tests="4" name="Test-1" time="151.709" errors="0" timestamp="03 May 2024 10:40:20 GMT">
  <testcase classname="com.comcast.crm.OrgTest.CreateOrganizationTest" name="createOrgTest" time="30.415"/>
  <testcase classname="com.comcast.crm.OrgTest.CreateOrganizationTest" name="createOrgWithContactTest" time="13.847"/>
  <testcase classname="com.comcast.crm.OrgTest.CreateOrganizationTest" name="createOrgWithIndustryTest" time="10.888"/>
  <testcase classname="com.comcast.crm.OrgTest.CreateOrganizationTest" name="deleteOrgTest" time="16.341"/>
</testsuite> <!-- Test-1 -->
