<?xml version="1.0" encoding="UTF-8"?>
<!-- Generated by org.testng.reporters.JUnitXMLReporter -->
<testsuite ignored="0" hostname="LAPTOP-V2EFQHVH" failures="0" tests="3" name="Test-2" time="142.582" errors="0" timestamp="03 May 2024 10:40:11 GMT">
  <testcase classname="com.comcast.crm.contactTest.CreateContactTest" name="CreateContactWithSupportDateTest" time="30.515"/>
  <testcase classname="com.comcast.crm.contactTest.CreateContactTest" name="createContTest" time="13.299"/>
  <testcase classname="com.comcast.crm.contactTest.CreateContactTest" name="createContactWithOrg" time="27.181"/>
</testsuite> <!-- Test-2 -->
