<?xml version="1.0" encoding="UTF-8"?>
<!-- Generated by org.testng.reporters.JUnitReportReporter -->
<testsuite hostname="LAPTOP-V2EFQHVH" failures="0" tests="1" name="com.comcast.crm.contactTest.CreateContactTest" time="40.062" errors="0" timestamp="2024-05-15T16:10:47 IST" skipped="0">
  <testcase classname="com.comcast.crm.contactTest.CreateContactTest" name="createContactWithOrg" time="40.062"/>
  <system-out/>
</testsuite> <!-- com.comcast.crm.contactTest.CreateContactTest -->
