<?xml version="1.0" encoding="UTF-8"?>
<!-- Generated by org.testng.reporters.JUnitReportReporter -->
<testsuite hostname="LAPTOP-V2EFQHVH" failures="0" tests="1" name="com.comcast.crm.OrgTest.CreateOrgWithIndustry" time="20.248" errors="0" timestamp="02 May 2024 09:19:08 GMT" skipped="0">
  <testcase classname="com.comcast.crm.OrgTest.CreateOrgWithIndustry" name="CreateOrgWithIndustryTest" time="20.248"/>
</testsuite> <!-- com.comcast.crm.OrgTest.CreateOrgWithIndustry -->
