<?xml version="1.0" encoding="UTF-8"?>
<!-- Generated by org.testng.reporters.JUnitReportReporter -->
<testsuite hostname="LAPTOP-V2EFQHVH" failures="0" tests="1" name="com.comcast.crm.OrgTest.CreateOrgwithContact" time="19.985" errors="0" timestamp="02 May 2024 09:12:30 GMT" skipped="0">
  <testcase classname="com.comcast.crm.OrgTest.CreateOrgwithContact" name="createOrgWithContactTest" time="19.985"/>
</testsuite> <!-- com.comcast.crm.OrgTest.CreateOrgwithContact -->
