<?xml version="1.0" encoding="UTF-8"?>
<!-- Generated by org.testng.reporters.JUnitReportReporter -->
<testsuite hostname="LAPTOP-V2EFQHVH" failures="0" tests="1" name="practice.test.Retry" time="0.008" errors="0" timestamp="2024-05-07T12:54:30 IST" skipped="0">
  <testcase classname="practice.test.Retry" name="activateSim" time="0.008"/>
  <system-out/>
</testsuite> <!-- practice.test.Retry -->
