<?xml version="1.0" encoding="UTF-8"?>
<!-- Generated by org.testng.reporters.JUnitReportReporter -->
<testsuite hostname="LAPTOP-V2EFQHVH" failures="0" tests="3" name="practice.test.GetProductInfoTest" time="95.720" errors="0" timestamp="01 May 2024 04:55:21 GMT" skipped="0">
  <testcase classname="practice.test.GetProductInfoTest" name="getProductInfoTest" time="31.808"/>
  <testcase classname="practice.test.GetProductInfoTest" name="getProductInfoTest" time="32.044"/>
  <testcase classname="practice.test.GetProductInfoTest" name="getProductInfoTest" time="31.868"/>
</testsuite> <!-- practice.test.GetProductInfoTest -->
