<?xml version="1.0" encoding="UTF-8"?>
<!-- Generated by org.testng.reporters.JUnitReportReporter -->
<testsuite hostname="LAPTOP-V2EFQHVH" failures="0" tests="1" name="practice.test.SampleReportTest" time="15.619" errors="0" timestamp="2024-05-09T11:33:18 IST" skipped="0">
  <testcase classname="practice.test.SampleReportTest" name="createcontactTest" time="15.619"/>
  <system-out/>
</testsuite> <!-- practice.test.SampleReportTest -->
