<?xml version="1.0" encoding="UTF-8"?>
<!-- Generated by org.testng.reporters.JUnitReportReporter -->
<testsuite hostname="LAPTOP-V2EFQHVH" failures="0" tests="3" name="com.comcast.crm.contactTest.CreateContact" time="69.417" errors="0" timestamp="02 May 2024 10:08:43 GMT" skipped="0">
  <testcase classname="com.comcast.crm.contactTest.CreateContact" name="createContactWithOrg" time="32.548"/>
  <testcase classname="com.comcast.crm.contactTest.CreateContact" name="CreateContactWithSupportDateTest" time="19.962"/>
  <testcase classname="com.comcast.crm.contactTest.CreateContact" name="createContactTest" time="16.907"/>
</testsuite> <!-- com.comcast.crm.contactTest.CreateContact -->
