<?xml version="1.0" encoding="UTF-8"?>
<!-- Generated by org.testng.reporters.JUnitReportReporter -->
<testsuite hostname="LAPTOP-V2EFQHVH" failures="0" tests="1" name="com.comcast.crm.contactTest.CreateContactWithSupportDate" time="21.850" errors="0" timestamp="02 May 2024 08:56:48 GMT" skipped="0">
  <testcase classname="com.comcast.crm.contactTest.CreateContactWithSupportDate" name="CreateContactWithSupportDateTest" time="21.850"/>
</testsuite> <!-- com.comcast.crm.contactTest.CreateContactWithSupportDate -->
