<?xml version="1.0" encoding="UTF-8"?>
<!-- Generated by org.testng.reporters.JUnitReportReporter -->
<testsuite hostname="LAPTOP-V2EFQHVH" failures="0" tests="1" name="com.comcast.crm.contactTest.CreateContactWithOrg" time="32.644" errors="0" timestamp="02 May 2024 08:21:50 GMT" skipped="0">
  <testcase classname="com.comcast.crm.contactTest.CreateContactWithOrg" name="createContactWithOrg" time="32.644"/>
</testsuite> <!-- com.comcast.crm.contactTest.CreateContactWithOrg -->
